[ 2016-11-06T15:32:22+08:00 ] 127.0.0.1 /libraryso/index.php/library/Home/View/Seatselection/seatselection.php.html
INFO: [ app_init ] --START--
INFO: Run Behavior\BuildLiteBehavior [ RunTime:0.000000s ]
INFO: [ app_init ] --END-- [ RunTime:0.000000s ]
ERR: 无法加载模块:Library

[ 2016-11-06T15:32:22+08:00 ] 127.0.0.1 /libraryso/index.php/library/Home/View/Seatselection/seatselection.php.html
INFO: [ app_init ] --START--
INFO: Run Behavior\BuildLiteBehavior [ RunTime:0.000000s ]
INFO: [ app_init ] --END-- [ RunTime:0.001000s ]
ERR: 无法加载模块:Library

[ 2016-11-06T15:32:23+08:00 ] 127.0.0.1 /libraryso/index.php/library/Home/View/Seatselection/seatselection.php.html
INFO: [ app_init ] --START--
INFO: Run Behavior\BuildLiteBehavior [ RunTime:0.000000s ]
INFO: [ app_init ] --END-- [ RunTime:0.001000s ]
ERR: 无法加载模块:Library

[ 2016-11-06T15:32:54+08:00 ] 127.0.0.1 /libraryso/index.php/library/Home/View/Seatselection/seatselection.php.html
INFO: [ app_init ] --START--
INFO: Run Behavior\BuildLiteBehavior [ RunTime:0.000000s ]
INFO: [ app_init ] --END-- [ RunTime:0.001000s ]
ERR: 无法加载模块:Library

[ 2016-11-06T15:32:54+08:00 ] 127.0.0.1 /libraryso/index.php/library/Home/View/Seatselection/seatselection.php.html
INFO: [ app_init ] --START--
INFO: Run Behavior\BuildLiteBehavior [ RunTime:0.000000s ]
INFO: [ app_init ] --END-- [ RunTime:0.001000s ]
ERR: 无法加载模块:Library

[ 2016-11-06T15:32:54+08:00 ] 127.0.0.1 /libraryso/index.php/library/Home/View/Seatselection/seatselection.php.html
INFO: [ app_init ] --START--
INFO: Run Behavior\BuildLiteBehavior [ RunTime:0.000000s ]
INFO: [ app_init ] --END-- [ RunTime:0.001000s ]
ERR: 无法加载模块:Library

[ 2016-11-06T15:32:54+08:00 ] 127.0.0.1 /libraryso/index.php/library/Home/View/Seatselection/seatselection.php.html
INFO: [ app_init ] --START--
INFO: Run Behavior\BuildLiteBehavior [ RunTime:0.000000s ]
INFO: [ app_init ] --END-- [ RunTime:0.000000s ]
ERR: 无法加载模块:Library

[ 2016-11-06T15:33:36+08:00 ] 127.0.0.1 /libraryso/index.php/library/Home/View/Seatselection/seatselection.php.html
INFO: [ app_init ] --START--
INFO: Run Behavior\BuildLiteBehavior [ RunTime:0.000000s ]
INFO: [ app_init ] --END-- [ RunTime:0.001000s ]
ERR: 无法加载模块:Library

[ 2016-11-06T15:33:37+08:00 ] 127.0.0.1 /libraryso/index.php/library/Home/View/Seatselection/seatselection.php.html
INFO: [ app_init ] --START--
INFO: Run Behavior\BuildLiteBehavior [ RunTime:0.000000s ]
INFO: [ app_init ] --END-- [ RunTime:0.001000s ]
ERR: 无法加载模块:Library

[ 2016-11-06T15:33:37+08:00 ] 127.0.0.1 /libraryso/index.php/library/Home/View/Seatselection/seatselection.php.html
INFO: [ app_init ] --START--
INFO: Run Behavior\BuildLiteBehavior [ RunTime:0.000000s ]
INFO: [ app_init ] --END-- [ RunTime:0.001000s ]
ERR: 无法加载模块:Library

[ 2016-11-06T15:33:37+08:00 ] 127.0.0.1 /libraryso/index.php/library/Home/View/Seatselection/seatselection.php.html
INFO: [ app_init ] --START--
INFO: Run Behavior\BuildLiteBehavior [ RunTime:0.000000s ]
INFO: [ app_init ] --END-- [ RunTime:0.001000s ]
ERR: 无法加载模块:Library

[ 2016-11-06T15:35:15+08:00 ] 127.0.0.1 /libraryso/index.php/library/Home/View/Seatselection/seatselection.php.html
INFO: [ app_init ] --START--
INFO: Run Behavior\BuildLiteBehavior [ RunTime:0.000000s ]
INFO: [ app_init ] --END-- [ RunTime:0.001000s ]
ERR: 无法加载模块:Library

[ 2016-11-06T15:35:16+08:00 ] 127.0.0.1 /libraryso/index.php/library/Home/View/Seatselection/seatselection.php.html
INFO: [ app_init ] --START--
INFO: Run Behavior\BuildLiteBehavior [ RunTime:0.000000s ]
INFO: [ app_init ] --END-- [ RunTime:0.000000s ]
ERR: 无法加载模块:Library

[ 2016-11-06T15:35:16+08:00 ] 127.0.0.1 /libraryso/index.php/library/Home/View/Seatselection/seatselection.php.html
INFO: [ app_init ] --START--
INFO: Run Behavior\BuildLiteBehavior [ RunTime:0.000000s ]
INFO: [ app_init ] --END-- [ RunTime:0.001000s ]
ERR: 无法加载模块:Library

[ 2016-11-06T15:35:16+08:00 ] 127.0.0.1 /libraryso/index.php/library/Home/View/Seatselection/seatselection.php.html
INFO: [ app_init ] --START--
INFO: Run Behavior\BuildLiteBehavior [ RunTime:0.001000s ]
INFO: [ app_init ] --END-- [ RunTime:0.001000s ]
ERR: 无法加载模块:Library

[ 2016-11-06T15:35:16+08:00 ] 127.0.0.1 /libraryso/index.php/library/Home/View/Seatselection/seatselection.php.html
INFO: [ app_init ] --START--
INFO: Run Behavior\BuildLiteBehavior [ RunTime:0.000000s ]
INFO: [ app_init ] --END-- [ RunTime:0.001000s ]
ERR: 无法加载模块:Library

[ 2016-11-06T15:35:16+08:00 ] 127.0.0.1 /libraryso/index.php/library/Home/View/Seatselection/seatselection.php.html
INFO: [ app_init ] --START--
INFO: Run Behavior\BuildLiteBehavior [ RunTime:0.000000s ]
INFO: [ app_init ] --END-- [ RunTime:0.001000s ]
ERR: 无法加载模块:Library

[ 2016-11-06T15:35:27+08:00 ] 127.0.0.1 /libraryso/index.php/library/Home/View/Seatselection/seatselection.php.html
INFO: [ app_init ] --START--
INFO: Run Behavior\BuildLiteBehavior [ RunTime:0.000000s ]
INFO: [ app_init ] --END-- [ RunTime:0.001000s ]
ERR: 无法加载模块:Library

[ 2016-11-06T15:37:28+08:00 ] 127.0.0.1 /libraryso/index.php/library/Home/View/Seatselection/seatselection.php.html
INFO: [ app_init ] --START--
INFO: Run Behavior\BuildLiteBehavior [ RunTime:0.000000s ]
INFO: [ app_init ] --END-- [ RunTime:0.001000s ]
ERR: 无法加载模块:Library

[ 2016-11-06T15:37:29+08:00 ] 127.0.0.1 /libraryso/index.php/library/Home/View/Seatselection/seatselection.php.html
INFO: [ app_init ] --START--
INFO: Run Behavior\BuildLiteBehavior [ RunTime:0.000000s ]
INFO: [ app_init ] --END-- [ RunTime:0.001000s ]
ERR: 无法加载模块:Library

[ 2016-11-06T15:37:29+08:00 ] 127.0.0.1 /libraryso/index.php/library/Home/View/Seatselection/seatselection.php.html
INFO: [ app_init ] --START--
INFO: Run Behavior\BuildLiteBehavior [ RunTime:0.000000s ]
INFO: [ app_init ] --END-- [ RunTime:0.001000s ]
ERR: 无法加载模块:Library

[ 2016-11-06T15:37:29+08:00 ] 127.0.0.1 /libraryso/index.php/library/Home/View/Seatselection/seatselection.php.html
INFO: [ app_init ] --START--
INFO: Run Behavior\BuildLiteBehavior [ RunTime:0.000000s ]
INFO: [ app_init ] --END-- [ RunTime:0.000000s ]
ERR: 无法加载模块:Library

[ 2016-11-06T15:37:29+08:00 ] 127.0.0.1 /libraryso/index.php/library/Home/View/Seatselection/seatselection.php.html
INFO: [ app_init ] --START--
INFO: Run Behavior\BuildLiteBehavior [ RunTime:0.000000s ]
INFO: [ app_init ] --END-- [ RunTime:0.001000s ]
ERR: 无法加载模块:Library

[ 2016-11-06T15:37:36+08:00 ] 127.0.0.1 /libraryso/index.php/library/Home/View/Seatselection/seatselection.php.html
INFO: [ app_init ] --START--
INFO: Run Behavior\BuildLiteBehavior [ RunTime:0.000000s ]
INFO: [ app_init ] --END-- [ RunTime:0.001000s ]
ERR: 无法加载模块:Library

[ 2016-11-06T15:37:36+08:00 ] 127.0.0.1 /libraryso/index.php/library/Home/View/Seatselection/seatselection.php.html
INFO: [ app_init ] --START--
INFO: Run Behavior\BuildLiteBehavior [ RunTime:0.001000s ]
INFO: [ app_init ] --END-- [ RunTime:0.001000s ]
ERR: 无法加载模块:Library

[ 2016-11-06T15:37:36+08:00 ] 127.0.0.1 /libraryso/index.php/library/Home/View/Seatselection/seatselection.php.html
INFO: [ app_init ] --START--
INFO: Run Behavior\BuildLiteBehavior [ RunTime:0.000000s ]
INFO: [ app_init ] --END-- [ RunTime:0.001000s ]
ERR: 无法加载模块:Library

[ 2016-11-06T15:37:36+08:00 ] 127.0.0.1 /libraryso/index.php/library/Home/View/Seatselection/seatselection.php.html
INFO: [ app_init ] --START--
INFO: Run Behavior\BuildLiteBehavior [ RunTime:0.000000s ]
INFO: [ app_init ] --END-- [ RunTime:0.001000s ]
ERR: 无法加载模块:Library

[ 2016-11-06T15:38:22+08:00 ] 127.0.0.1 /libraryso/index.php/library/Home/View/Seatselection/seatselection.php.html
INFO: [ app_init ] --START--
INFO: Run Behavior\BuildLiteBehavior [ RunTime:0.000000s ]
INFO: [ app_init ] --END-- [ RunTime:0.001000s ]
ERR: 无法加载模块:Library

[ 2016-11-06T15:38:28+08:00 ] 127.0.0.1 /libraryso/index.php/library/Home/View/Seatselection/seatselection.php.html
INFO: [ app_init ] --START--
INFO: Run Behavior\BuildLiteBehavior [ RunTime:0.000000s ]
INFO: [ app_init ] --END-- [ RunTime:0.001000s ]
ERR: 无法加载模块:Library

[ 2016-11-06T15:40:29+08:00 ] 127.0.0.1 /libraryso/index.php/library/Home/View/Seatselection/seatselection.php.html
INFO: [ app_init ] --START--
INFO: Run Behavior\BuildLiteBehavior [ RunTime:0.000000s ]
INFO: [ app_init ] --END-- [ RunTime:0.001000s ]
ERR: 无法加载模块:Library

[ 2016-11-06T15:40:30+08:00 ] 127.0.0.1 /libraryso/index.php/library/Home/View/Seatselection/seatselection.php.html
INFO: [ app_init ] --START--
INFO: Run Behavior\BuildLiteBehavior [ RunTime:0.000000s ]
INFO: [ app_init ] --END-- [ RunTime:0.000000s ]
ERR: 无法加载模块:Library

[ 2016-11-06T15:40:30+08:00 ] 127.0.0.1 /libraryso/index.php/library/Home/View/Seatselection/seatselection.php.html
INFO: [ app_init ] --START--
INFO: Run Behavior\BuildLiteBehavior [ RunTime:0.000000s ]
INFO: [ app_init ] --END-- [ RunTime:0.001000s ]
ERR: 无法加载模块:Library

[ 2016-11-06T15:40:30+08:00 ] 127.0.0.1 /libraryso/index.php/library/Home/View/Seatselection/seatselection.php.html
INFO: [ app_init ] --START--
INFO: Run Behavior\BuildLiteBehavior [ RunTime:0.000000s ]
INFO: [ app_init ] --END-- [ RunTime:0.001000s ]
ERR: 无法加载模块:Library

[ 2016-11-06T15:40:31+08:00 ] 127.0.0.1 /libraryso/index.php/library/Home/View/Seatselection/seatselection.php.html
INFO: [ app_init ] --START--
INFO: Run Behavior\BuildLiteBehavior [ RunTime:0.000000s ]
INFO: [ app_init ] --END-- [ RunTime:0.001000s ]
ERR: 无法加载模块:Library

[ 2016-11-06T15:40:45+08:00 ] 127.0.0.1 /libraryso/index.php/library/Home/View/Seatselection/seatselection.php.html
INFO: [ app_init ] --START--
INFO: Run Behavior\BuildLiteBehavior [ RunTime:0.000000s ]
INFO: [ app_init ] --END-- [ RunTime:0.000000s ]
ERR: 无法加载模块:Library

[ 2016-11-06T15:40:46+08:00 ] 127.0.0.1 /libraryso/index.php/library/Home/View/Seatselection/seatselection.php.html
INFO: [ app_init ] --START--
INFO: Run Behavior\BuildLiteBehavior [ RunTime:0.000000s ]
INFO: [ app_init ] --END-- [ RunTime:0.001000s ]
ERR: 无法加载模块:Library

[ 2016-11-06T15:40:46+08:00 ] 127.0.0.1 /libraryso/index.php/library/Home/View/Seatselection/seatselection.php.html
INFO: [ app_init ] --START--
INFO: Run Behavior\BuildLiteBehavior [ RunTime:0.000000s ]
INFO: [ app_init ] --END-- [ RunTime:0.000000s ]
ERR: 无法加载模块:Library

[ 2016-11-06T15:40:46+08:00 ] 127.0.0.1 /libraryso/index.php/library/Home/View/Seatselection/seatselection.php.html
INFO: [ app_init ] --START--
INFO: Run Behavior\BuildLiteBehavior [ RunTime:0.000000s ]
INFO: [ app_init ] --END-- [ RunTime:0.001000s ]
ERR: 无法加载模块:Library

[ 2016-11-06T15:40:46+08:00 ] 127.0.0.1 /libraryso/index.php/library/Home/View/Seatselection/seatselection.php.html
INFO: [ app_init ] --START--
INFO: Run Behavior\BuildLiteBehavior [ RunTime:0.000000s ]
INFO: [ app_init ] --END-- [ RunTime:0.001000s ]
ERR: 无法加载模块:Library

[ 2016-11-06T15:41:15+08:00 ] 127.0.0.1 /libraryso/index.php/library/Home/View/Seatselection/seatselection.php.html
INFO: [ app_init ] --START--
INFO: Run Behavior\BuildLiteBehavior [ RunTime:0.000000s ]
INFO: [ app_init ] --END-- [ RunTime:0.001000s ]
ERR: 无法加载模块:Library

[ 2016-11-06T15:41:16+08:00 ] 127.0.0.1 /libraryso/index.php/library/Home/View/Seatselection/seatselection.php.html
INFO: [ app_init ] --START--
INFO: Run Behavior\BuildLiteBehavior [ RunTime:0.000000s ]
INFO: [ app_init ] --END-- [ RunTime:0.000000s ]
ERR: 无法加载模块:Library

[ 2016-11-06T15:41:16+08:00 ] 127.0.0.1 /libraryso/index.php/library/Home/View/Seatselection/seatselection.php.html
INFO: [ app_init ] --START--
INFO: Run Behavior\BuildLiteBehavior [ RunTime:0.000000s ]
INFO: [ app_init ] --END-- [ RunTime:0.001000s ]
ERR: 无法加载模块:Library

[ 2016-11-06T15:41:16+08:00 ] 127.0.0.1 /libraryso/index.php/library/Home/View/Seatselection/seatselection.php.html
INFO: [ app_init ] --START--
INFO: Run Behavior\BuildLiteBehavior [ RunTime:0.000000s ]
INFO: [ app_init ] --END-- [ RunTime:0.001000s ]
ERR: 无法加载模块:Library

[ 2016-11-06T15:41:16+08:00 ] 127.0.0.1 /libraryso/index.php/library/Home/View/Seatselection/seatselection.php.html
INFO: [ app_init ] --START--
INFO: Run Behavior\BuildLiteBehavior [ RunTime:0.000000s ]
INFO: [ app_init ] --END-- [ RunTime:0.001000s ]
ERR: 无法加载模块:Library

[ 2016-11-06T15:41:41+08:00 ] 127.0.0.1 /libraryso/index.php/library/Home/View/Seatselection/seatselection
INFO: [ app_init ] --START--
INFO: Run Behavior\BuildLiteBehavior [ RunTime:0.000000s ]
INFO: [ app_init ] --END-- [ RunTime:0.001000s ]
ERR: 无法加载模块:Library

[ 2016-11-06T15:41:44+08:00 ] 127.0.0.1 /libraryso/index.php/library/Home/View/Seatselection/seatselection
INFO: [ app_init ] --START--
INFO: Run Behavior\BuildLiteBehavior [ RunTime:0.000000s ]
INFO: [ app_init ] --END-- [ RunTime:0.001000s ]
ERR: 无法加载模块:Library

[ 2016-11-06T15:41:46+08:00 ] 127.0.0.1 /libraryso/index.php/library/Home/View/Seatselection/seatselection
INFO: [ app_init ] --START--
INFO: Run Behavior\BuildLiteBehavior [ RunTime:0.000000s ]
INFO: [ app_init ] --END-- [ RunTime:0.001000s ]
ERR: 无法加载模块:Library

[ 2016-11-06T15:41:46+08:00 ] 127.0.0.1 /libraryso/index.php/library/Home/View/Seatselection/seatselection
INFO: [ app_init ] --START--
INFO: Run Behavior\BuildLiteBehavior [ RunTime:0.000000s ]
INFO: [ app_init ] --END-- [ RunTime:0.001000s ]
ERR: 无法加载模块:Library

[ 2016-11-06T15:41:46+08:00 ] 127.0.0.1 /libraryso/index.php/library/Home/View/Seatselection/seatselection
INFO: [ app_init ] --START--
INFO: Run Behavior\BuildLiteBehavior [ RunTime:0.000000s ]
INFO: [ app_init ] --END-- [ RunTime:0.001000s ]
ERR: 无法加载模块:Library

[ 2016-11-06T15:41:47+08:00 ] 127.0.0.1 /libraryso/index.php/library/Home/View/Seatselection/seatselection
INFO: [ app_init ] --START--
INFO: Run Behavior\BuildLiteBehavior [ RunTime:0.000000s ]
INFO: [ app_init ] --END-- [ RunTime:0.001000s ]
ERR: 无法加载模块:Library

[ 2016-11-06T15:41:53+08:00 ] 127.0.0.1 /libraryso/index.php/library/Home/Seatselection/seatselection
INFO: [ app_init ] --START--
INFO: Run Behavior\BuildLiteBehavior [ RunTime:0.000000s ]
INFO: [ app_init ] --END-- [ RunTime:0.001000s ]
ERR: 无法加载模块:Library

[ 2016-11-06T15:43:20+08:00 ] 127.0.0.1 /libraryso/index.php/s/a.html
INFO: [ app_init ] --START--
INFO: Run Behavior\BuildLiteBehavior [ RunTime:0.000000s ]
INFO: [ app_init ] --END-- [ RunTime:0.001000s ]
ERR: 无法加载模块:S

[ 2016-11-06T22:55:44+08:00 ] 127.0.0.1 /libraryso/index.php/Controller/SeatselectionController.php
INFO: [ app_init ] --START--
INFO: Run Behavior\BuildLiteBehavior [ RunTime:0.000000s ]
INFO: [ app_init ] --END-- [ RunTime:0.001000s ]
ERR: 无法加载模块:Controller

[ 2016-11-06T22:55:46+08:00 ] 127.0.0.1 /libraryso/index.php/Controller/SeatselectionController.php
INFO: [ app_init ] --START--
INFO: Run Behavior\BuildLiteBehavior [ RunTime:0.000000s ]
INFO: [ app_init ] --END-- [ RunTime:0.001000s ]
ERR: 无法加载模块:Controller

[ 2016-11-06T22:55:48+08:00 ] 127.0.0.1 /libraryso/index.php/Controller/SeatselectionController.php
INFO: [ app_init ] --START--
INFO: Run Behavior\BuildLiteBehavior [ RunTime:0.000000s ]
INFO: [ app_init ] --END-- [ RunTime:0.001000s ]
ERR: 无法加载模块:Controller

[ 2016-11-06T22:56:05+08:00 ] 127.0.0.1 /libraryso/index.php/Controller/SeatselectionController.php
INFO: [ app_init ] --START--
INFO: Run Behavior\BuildLiteBehavior [ RunTime:0.000000s ]
INFO: [ app_init ] --END-- [ RunTime:0.001000s ]
ERR: 无法加载模块:Controller

[ 2016-11-06T22:56:07+08:00 ] 127.0.0.1 /libraryso/index.php/Controller/SeatselectionController.php
INFO: [ app_init ] --START--
INFO: Run Behavior\BuildLiteBehavior [ RunTime:0.000000s ]
INFO: [ app_init ] --END-- [ RunTime:0.000000s ]
ERR: 无法加载模块:Controller

[ 2016-11-06T22:56:51+08:00 ] 127.0.0.1 /libraryso/index.php/Controller/SeatselectionController.php
INFO: [ app_init ] --START--
INFO: Run Behavior\BuildLiteBehavior [ RunTime:0.000000s ]
INFO: [ app_init ] --END-- [ RunTime:0.000000s ]
ERR: 无法加载模块:Controller

[ 2016-11-06T22:56:53+08:00 ] 127.0.0.1 /libraryso/index.php/Controller/SeatselectionController.php
INFO: [ app_init ] --START--
INFO: Run Behavior\BuildLiteBehavior [ RunTime:0.000000s ]
INFO: [ app_init ] --END-- [ RunTime:0.001000s ]
ERR: 无法加载模块:Controller

[ 2016-11-06T22:57:05+08:00 ] 127.0.0.1 /libraryso/index.php/Controller/SeatselectionController.php
INFO: [ app_init ] --START--
INFO: Run Behavior\BuildLiteBehavior [ RunTime:0.000000s ]
INFO: [ app_init ] --END-- [ RunTime:0.001000s ]
ERR: 无法加载模块:Controller

[ 2016-11-06T22:57:06+08:00 ] 127.0.0.1 /libraryso/index.php/Controller/SeatselectionController.php
INFO: [ app_init ] --START--
INFO: Run Behavior\BuildLiteBehavior [ RunTime:0.000000s ]
INFO: [ app_init ] --END-- [ RunTime:0.000000s ]
ERR: 无法加载模块:Controller

[ 2016-11-06T22:57:10+08:00 ] 127.0.0.1 /libraryso/index.php/Controller/SeatselectionController.php
INFO: [ app_init ] --START--
INFO: Run Behavior\BuildLiteBehavior [ RunTime:0.000000s ]
INFO: [ app_init ] --END-- [ RunTime:0.001000s ]
ERR: 无法加载模块:Controller

[ 2016-11-06T23:19:46+08:00 ] 127.0.0.1 /libraryso/index.php/Controller/SeatselectionController.php
INFO: [ app_init ] --START--
INFO: Run Behavior\BuildLiteBehavior [ RunTime:0.000000s ]
INFO: [ app_init ] --END-- [ RunTime:0.000000s ]
ERR: 无法加载模块:Controller

